<?xml version="1.0" encoding="UTF-8"?>
<testng-results ignored="0" total="2" passed="2" failed="0" skipped="0">
  <reporter-output>
  </reporter-output>
  <suite started-at="2026-06-13T20:47:34 IST" name="Parabank Suite" finished-at="2026-06-13T20:47:44 IST" duration-ms="9874">
    <groups>
    </groups>
    <test started-at="2026-06-13T20:47:34 IST" name="Smoke Test" finished-at="2026-06-13T20:47:44 IST" duration-ms="9874">
      <class name="tests.LoginTest">
        <test-method is-config="true" signature="setUp()[pri:0, instance:tests.LoginTest@4a83a74a]" started-at="2026-06-13T20:47:39 IST" name="setUp" finished-at="2026-06-13T20:47:42 IST" duration-ms="3052" status="PASS">
          <reporter-output>
          </reporter-output>
        </test-method> <!-- setUp -->
        <test-method signature="verifyValidLogin()[pri:0, instance:tests.LoginTest@4a83a74a]" started-at="2026-06-13T20:47:42 IST" name="verifyValidLogin" finished-at="2026-06-13T20:47:44 IST" duration-ms="2404" status="PASS">
          <reporter-output>
          </reporter-output>
        </test-method> <!-- verifyValidLogin -->
        <test-method is-config="true" signature="tearDown()[pri:0, instance:tests.LoginTest@4a83a74a]" started-at="2026-06-13T20:47:44 IST" name="tearDown" finished-at="2026-06-13T20:47:44 IST" duration-ms="202" status="PASS">
          <reporter-output>
          </reporter-output>
        </test-method> <!-- tearDown -->
      </class> <!-- tests.LoginTest -->
      <class name="tests.LaunchTest">
        <test-method is-config="true" signature="setUp()[pri:0, instance:tests.LaunchTest@2a265ea9]" started-at="2026-06-13T20:47:35 IST" name="setUp" finished-at="2026-06-13T20:47:38 IST" duration-ms="3928" status="PASS">
          <reporter-output>
          </reporter-output>
        </test-method> <!-- setUp -->
        <test-method signature="verifyApplicationLaunch()[pri:0, instance:tests.LaunchTest@2a265ea9]" started-at="2026-06-13T20:47:38 IST" name="verifyApplicationLaunch" finished-at="2026-06-13T20:47:38 IST" duration-ms="16" status="PASS">
          <reporter-output>
          </reporter-output>
        </test-method> <!-- verifyApplicationLaunch -->
        <test-method is-config="true" signature="tearDown()[pri:0, instance:tests.LaunchTest@2a265ea9]" started-at="2026-06-13T20:47:39 IST" name="tearDown" finished-at="2026-06-13T20:47:39 IST" duration-ms="199" status="PASS">
          <reporter-output>
          </reporter-output>
        </test-method> <!-- tearDown -->
      </class> <!-- tests.LaunchTest -->
    </test> <!-- Smoke Test -->
  </suite> <!-- Parabank Suite -->
</testng-results>
